Traceback (most recent call last):
  File "C:\Users\Admin\anaconda3\envs\book\lib\site-packages\jupyter_core\utils\__init__.py", line 154, in wrapped
    asyncio.get_running_loop()
RuntimeError: no running event loop

During handling of the above exception, another exception occurred:

Traceback (most recent call last):
  File "C:\Users\Admin\anaconda3\envs\book\lib\site-packages\jupyter_cache\executors\utils.py", line 58, in single_nb_execution
    executenb(
  File "C:\Users\Admin\anaconda3\envs\book\lib\site-packages\nbclient\client.py", line 1319, in execute
    return NotebookClient(nb=nb, resources=resources, km=km, **kwargs).execute()
  File "C:\Users\Admin\anaconda3\envs\book\lib\site-packages\jupyter_core\utils\__init__.py", line 158, in wrapped
    return loop.run_until_complete(inner)
  File "C:\Users\Admin\anaconda3\envs\book\lib\asyncio\base_events.py", line 647, in run_until_complete
    return future.result()
  File "C:\Users\Admin\anaconda3\envs\book\lib\site-packages\nbclient\client.py", line 709, in async_execute
    await self.async_execute_cell(
  File "C:\Users\Admin\anaconda3\envs\book\lib\site-packages\nbclient\client.py", line 1062, in async_execute_cell
    await self._check_raise_for_error(cell, cell_index, exec_reply)
  File "C:\Users\Admin\anaconda3\envs\book\lib\site-packages\nbclient\client.py", line 918, in _check_raise_for_error
    raise CellExecutionError.from_cell_and_msg(cell, exec_reply_content)
nbclient.exceptions.CellExecutionError: An error occurred while executing the following cell:
------------------
s = pd.Series([10, 20, 30], index=["a", "b", "c"])
print(s.values)    # Output: [10 20 30]
print(s.index)     # Output: Index(['a', 'b', 'c'], dtype='object')
print(s.dtype)     # Output: int64
print(s.size)      # Output: 3
s.name = "Numbers"
print(s)
# Output:
# a    10
# b    20
# c    30
# Name: Numbers, dtype: int64
------------------


[1;31m---------------------------------------------------------------------------[0m
[1;31mNameError[0m                                 Traceback (most recent call last)
Cell [1;32mIn[1], line 1[0m
[1;32m----> 1[0m s [38;5;241m=[39m [43mpd[49m[38;5;241m.[39mSeries([[38;5;241m10[39m, [38;5;241m20[39m, [38;5;241m30[39m], index[38;5;241m=[39m[[38;5;124m"[39m[38;5;124ma[39m[38;5;124m"[39m, [38;5;124m"[39m[38;5;124mb[39m[38;5;124m"[39m, [38;5;124m"[39m[38;5;124mc[39m[38;5;124m"[39m])
[0;32m      2[0m [38;5;28mprint[39m(s[38;5;241m.[39mvalues)    [38;5;66;03m# Output: [10 20 30][39;00m
[0;32m      3[0m [38;5;28mprint[39m(s[38;5;241m.[39mindex)     [38;5;66;03m# Output: Index(['a', 'b', 'c'], dtype='object')[39;00m

[1;31mNameError[0m: name 'pd' is not defined

