Traceback (most recent call last):
  File "C:\Users\Admin\anaconda3\envs\book\lib\site-packages\jupyter_core\utils\__init__.py", line 154, in wrapped
    asyncio.get_running_loop()
RuntimeError: no running event loop

During handling of the above exception, another exception occurred:

Traceback (most recent call last):
  File "C:\Users\Admin\anaconda3\envs\book\lib\site-packages\jupyter_cache\executors\utils.py", line 58, in single_nb_execution
    executenb(
  File "C:\Users\Admin\anaconda3\envs\book\lib\site-packages\nbclient\client.py", line 1319, in execute
    return NotebookClient(nb=nb, resources=resources, km=km, **kwargs).execute()
  File "C:\Users\Admin\anaconda3\envs\book\lib\site-packages\jupyter_core\utils\__init__.py", line 158, in wrapped
    return loop.run_until_complete(inner)
  File "C:\Users\Admin\anaconda3\envs\book\lib\asyncio\base_events.py", line 647, in run_until_complete
    return future.result()
  File "C:\Users\Admin\anaconda3\envs\book\lib\site-packages\nbclient\client.py", line 709, in async_execute
    await self.async_execute_cell(
  File "C:\Users\Admin\anaconda3\envs\book\lib\site-packages\nbclient\client.py", line 1062, in async_execute_cell
    await self._check_raise_for_error(cell, cell_index, exec_reply)
  File "C:\Users\Admin\anaconda3\envs\book\lib\site-packages\nbclient\client.py", line 918, in _check_raise_for_error
    raise CellExecutionError.from_cell_and_msg(cell, exec_reply_content)
nbclient.exceptions.CellExecutionError: An error occurred while executing the following cell:
------------------
import pickle

# Serialize object to file
pickle.dump(obj, file)

# Serialize to bytes
pickle.dumps(obj)
------------------


[1;31m---------------------------------------------------------------------------[0m
[1;31mNameError[0m                                 Traceback (most recent call last)
Cell [1;32mIn[1], line 4[0m
[0;32m      1[0m [38;5;28;01mimport[39;00m[38;5;250m [39m[38;5;21;01mpickle[39;00m
[0;32m      3[0m [38;5;66;03m# Serialize object to file[39;00m
[1;32m----> 4[0m pickle[38;5;241m.[39mdump([43mobj[49m, file)
[0;32m      6[0m [38;5;66;03m# Serialize to bytes[39;00m
[0;32m      7[0m pickle[38;5;241m.[39mdumps(obj)

[1;31mNameError[0m: name 'obj' is not defined

