Traceback (most recent call last):
  File "C:\Users\Admin\anaconda3\envs\book\lib\site-packages\jupyter_core\utils\__init__.py", line 154, in wrapped
    asyncio.get_running_loop()
RuntimeError: no running event loop

During handling of the above exception, another exception occurred:

Traceback (most recent call last):
  File "C:\Users\Admin\anaconda3\envs\book\lib\site-packages\jupyter_cache\executors\utils.py", line 58, in single_nb_execution
    executenb(
  File "C:\Users\Admin\anaconda3\envs\book\lib\site-packages\nbclient\client.py", line 1319, in execute
    return NotebookClient(nb=nb, resources=resources, km=km, **kwargs).execute()
  File "C:\Users\Admin\anaconda3\envs\book\lib\site-packages\jupyter_core\utils\__init__.py", line 158, in wrapped
    return loop.run_until_complete(inner)
  File "C:\Users\Admin\anaconda3\envs\book\lib\asyncio\base_events.py", line 647, in run_until_complete
    return future.result()
  File "C:\Users\Admin\anaconda3\envs\book\lib\site-packages\nbclient\client.py", line 709, in async_execute
    await self.async_execute_cell(
  File "C:\Users\Admin\anaconda3\envs\book\lib\site-packages\nbclient\client.py", line 1062, in async_execute_cell
    await self._check_raise_for_error(cell, cell_index, exec_reply)
  File "C:\Users\Admin\anaconda3\envs\book\lib\site-packages\nbclient\client.py", line 918, in _check_raise_for_error
    raise CellExecutionError.from_cell_and_msg(cell, exec_reply_content)
nbclient.exceptions.CellExecutionError: An error occurred while executing the following cell:
------------------
from sklearn.metrics import confusion_matrix, ConfusionMatrixDisplay, classification_report, mean_squared_error, mean_absolute_error, r2_score

def evaluate_model(model, X_train, X_test, y_train, y_test, task='classification'):
    model.fit(X_train, y_train)
    y_pred = model.predict(X_test)
    
    if task == 'classification':
        print("Classification Report:")
        print(classification_report(y_test, y_pred))
        cm = confusion_matrix(y_test, y_pred)
        disp = ConfusionMatrixDisplay(confusion_matrix=cm)
        disp.plot(cmap='Blues')
        plt.title("Confusion Matrix")
        plt.show()
    elif task == 'regression':
        mse = mean_squared_error(y_test, y_pred)
        rmse = mean_squared_error(y_test, y_pred, squared=False)
        mae = mean_absolute_error(y_test, y_pred)
        r2 = r2_score(y_test, y_pred)
        print(f"MSE: {mse:.2f}")
        print(f"RMSE: {rmse:.2f}")
        print(f"MAE: {mae:.2f}")
        print(f"R-squared: {r2:.2f}")
        plt.scatter(y_pred, y_test - y_pred, alpha=0.5)
        plt.xlabel("Predicted")
        plt.ylabel("Residuals")
        plt.title("Residual Plot")
        plt.axhline(y=0, color='r', linestyle='--')
        plt.show()
    else:
        raise ValueError("Task must be 'classification' or 'regression'")
    
    # Cross-validation
    scoring = 'accuracy' if task == 'classification' else 'neg_mean_squared_error'
    cv_scores = cross_val_score(model, np.vstack((X_train, X_test)), np.hstack((y_train, y_test)), cv=5, scoring=scoring)
    if task == 'regression':
        print(f"Cross-validation MSE: {-cv_scores.mean():.2f} Â± {cv_scores.std():.2f}")
    else:
        print(f"Cross-validation Accuracy: {cv_scores.mean():.2f} Â± {cv_scores.std():.2f}")

# Example usage
# Classification
model = LogisticRegression(max_iter=200)
evaluate_model(model, X_train, X_test, y_train, y_test, task='classification')  # Iris dataset

# Regression
model = LinearRegression()
evaluate_model(model, X_train, X_test, y_train, y_test, task='regression')  # Housing dataset
------------------


[1;31m---------------------------------------------------------------------------[0m
[1;31mNameError[0m                                 Traceback (most recent call last)
Cell [1;32mIn[1], line 43[0m
[0;32m     39[0m         [38;5;28mprint[39m([38;5;124mf[39m[38;5;124m"[39m[38;5;124mCross-validation Accuracy: [39m[38;5;132;01m{[39;00mcv_scores[38;5;241m.[39mmean()[38;5;132;01m:[39;00m[38;5;124m.2f[39m[38;5;132;01m}[39;00m[38;5;124m Â± [39m[38;5;132;01m{[39;00mcv_scores[38;5;241m.[39mstd()[38;5;132;01m:[39;00m[38;5;124m.2f[39m[38;5;132;01m}[39;00m[38;5;124m"[39m)
[0;32m     41[0m [38;5;66;03m# Example usage[39;00m
[0;32m     42[0m [38;5;66;03m# Classification[39;00m
[1;32m---> 43[0m model [38;5;241m=[39m [43mLogisticRegression[49m(max_iter[38;5;241m=[39m[38;5;241m200[39m)
[0;32m     44[0m evaluate_model(model, X_train, X_test, y_train, y_test, task[38;5;241m=[39m[38;5;124m'[39m[38;5;124mclassification[39m[38;5;124m'[39m)  [38;5;66;03m# Iris dataset[39;00m
[0;32m     46[0m [38;5;66;03m# Regression[39;00m

[1;31mNameError[0m: name 'LogisticRegression' is not defined

